0 verbose cli C:\Program Files\nodejs\node.exe C:\Program Files\nodejs\node_modules\npm\bin\npm-cli.js
1 info using npm@11.13.0
2 info using node@v24.16.0
3 silly config load:file:C:\Program Files\nodejs\node_modules\npm\npmrc
4 silly config load:file:C:\Users\Edmilson\Documents\GitHub\Cesta_inteligente\.npmrc
5 silly config load:file:C:\Users\Edmilson\.npmrc
6 silly config load:file:C:\Users\Edmilson\AppData\Roaming\npm\etc\npmrc
7 verbose title npm install react-native@0.85.3 typescript@~6.0.3
8 verbose argv "install" "react-native@0.85.3" "typescript@~6.0.3" "--cache" ".\\.npm-cache" "--no-audit" "--no-fund"
9 verbose logfile logs-max:10 dir:C:\Users\Edmilson\Documents\GitHub\Cesta_inteligente\.npm-cache\_logs\2026-06-01T03_39_05_134Z-
10 verbose logfile C:\Users\Edmilson\Documents\GitHub\Cesta_inteligente\.npm-cache\_logs\2026-06-01T03_39_05_134Z-debug-0.log
11 silly logfile done cleaning log files
12 silly packumentCache heap:2348810240 maxSize:587202560 maxEntrySize:293601280
13 silly idealTree buildDeps
14 silly fetch manifest react-native@0.85.3
15 silly packumentCache full:https://registry.npmjs.org/react-native cache-miss
16 http fetch GET https://registry.npmjs.org/npm attempt 1 failed with EACCES
17 http fetch GET https://registry.npmjs.org/react-native attempt 1 failed with EACCES
18 http fetch GET https://registry.npmjs.org/npm attempt 2 failed with EACCES
19 http fetch GET https://registry.npmjs.org/react-native attempt 2 failed with EACCES
20 http fetch GET https://registry.npmjs.org/npm attempt 3 failed with EACCES
21 http fetch GET https://registry.npmjs.org/react-native attempt 3 failed with EACCES
22 silly fetch manifest typescript@~6.0.3
23 silly packumentCache full:https://registry.npmjs.org/typescript cache-miss
24 http fetch GET https://registry.npmjs.org/typescript attempt 1 failed with EACCES
25 http fetch GET https://registry.npmjs.org/typescript attempt 2 failed with EACCES
26 http fetch GET https://registry.npmjs.org/typescript attempt 3 failed with EACCES
27 silly placeDep ROOT react-native@ REPLACE for: cesta-inteligente@0.1.0 want: 0.85.3
28 warn ERESOLVE overriding peer dependency {
28 warn ERESOLVE   code: 'ERESOLVE',
28 warn ERESOLVE   edge: {
28 warn ERESOLVE     type: 'peer',
28 warn ERESOLVE     name: 'react-native',
28 warn ERESOLVE     spec: '>=0.82.0',
28 warn ERESOLVE     from: {
28 warn ERESOLVE       name: 'react-native-screens',
28 warn ERESOLVE       version: '4.25.2',
28 warn ERESOLVE       location: 'node_modules/react-native-screens',
28 warn ERESOLVE       isWorkspace: false,
28 warn ERESOLVE       dependents: [Array]
28 warn ERESOLVE     }
28 warn ERESOLVE   },
28 warn ERESOLVE   dep: {
28 warn ERESOLVE     name: 'react-native',
28 warn ERESOLVE     version: undefined,
28 warn ERESOLVE     errors: [ [FetchError] ],
28 warn ERESOLVE     package: {},
28 warn ERESOLVE     whileInstalling: {
28 warn ERESOLVE       name: 'cesta-inteligente',
28 warn ERESOLVE       version: '0.1.0',
28 warn ERESOLVE       path: 'C:\\Users\\Edmilson\\Documents\\GitHub\\Cesta_inteligente'
28 warn ERESOLVE     },
28 warn ERESOLVE     location: 'node_modules/react-native',
28 warn ERESOLVE     isWorkspace: false,
28 warn ERESOLVE     dependents: [ [Object] ]
28 warn ERESOLVE   },
28 warn ERESOLVE   force: false,
28 warn ERESOLVE   isMine: true,
28 warn ERESOLVE   strictPeerDeps: false,
28 warn ERESOLVE   current: {
28 warn ERESOLVE     name: 'react-native',
28 warn ERESOLVE     version: '0.85.0',
28 warn ERESOLVE     location: 'node_modules/react-native',
28 warn ERESOLVE     isWorkspace: false,
28 warn ERESOLVE     dependents: [
28 warn ERESOLVE       [Object], [Object], [Object],
28 warn ERESOLVE       [Object], [Object], [Object],
28 warn ERESOLVE       [Object], [Object], [Object],
28 warn ERESOLVE       [Object], [Object], [Object],
28 warn ERESOLVE       [Object], [Object], [Object],
28 warn ERESOLVE       [Object], [Object], [Object],
28 warn ERESOLVE       [Object], [Object], [Object]
28 warn ERESOLVE     ]
28 warn ERESOLVE   }
28 warn ERESOLVE }
29 warn ERESOLVE overriding peer dependency {
29 warn ERESOLVE   code: 'ERESOLVE',
29 warn ERESOLVE   edge: {
29 warn ERESOLVE     type: 'peer',
29 warn ERESOLVE     name: 'react-native',
29 warn ERESOLVE     spec: '>=0.82.0',
29 warn ERESOLVE     from: {
29 warn ERESOLVE       name: 'react-native-screens',
29 warn ERESOLVE       version: '4.25.2',
29 warn ERESOLVE       location: 'node_modules/react-native-screens',
29 warn ERESOLVE       isWorkspace: false,
29 warn ERESOLVE       dependents: [Array]
29 warn ERESOLVE     }
29 warn ERESOLVE   },
29 warn ERESOLVE   dep: {
29 warn ERESOLVE     name: 'react-native',
29 warn ERESOLVE     version: undefined,
29 warn ERESOLVE     errors: [ [FetchError] ],
29 warn ERESOLVE     package: {},
29 warn ERESOLVE     whileInstalling: {
29 warn ERESOLVE       name: 'cesta-inteligente',
29 warn ERESOLVE       version: '0.1.0',
29 warn ERESOLVE       path: 'C:\\Users\\Edmilson\\Documents\\GitHub\\Cesta_inteligente'
29 warn ERESOLVE     },
29 warn ERESOLVE     location: 'node_modules/react-native',
29 warn ERESOLVE     isWorkspace: false,
29 warn ERESOLVE     dependents: [ [Object] ]
29 warn ERESOLVE   },
29 warn ERESOLVE   force: false,
29 warn ERESOLVE   isMine: true,
29 warn ERESOLVE   strictPeerDeps: false,
29 warn ERESOLVE   current: {
29 warn ERESOLVE     name: 'react-native',
29 warn ERESOLVE     version: '0.85.0',
29 warn ERESOLVE     location: 'node_modules/react-native',
29 warn ERESOLVE     isWorkspace: false,
29 warn ERESOLVE     dependents: [
29 warn ERESOLVE       [Object], [Object], [Object],
29 warn ERESOLVE       [Object], [Object], [Object],
29 warn ERESOLVE       [Object], [Object], [Object],
29 warn ERESOLVE       [Object], [Object], [Object],
29 warn ERESOLVE       [Object], [Object], [Object],
29 warn ERESOLVE       [Object], [Object], [Object],
29 warn ERESOLVE       [Object], [Object], [Object]
29 warn ERESOLVE     ]
29 warn ERESOLVE   }
29 warn ERESOLVE }
30 silly placeDep ROOT typescript@ REPLACE for: cesta-inteligente@0.1.0 want: ~6.0.3
31 silly fetch manifest @expo/require-utils@^56.1.3
32 silly packumentCache full:https://registry.npmjs.org/@expo%2frequire-utils cache-miss
33 http fetch GET https://registry.npmjs.org/@expo%2frequire-utils attempt 1 failed with EACCES
34 http fetch GET https://registry.npmjs.org/@expo%2frequire-utils attempt 2 failed with EACCES
35 http fetch GET https://registry.npmjs.org/@expo%2frequire-utils attempt 3 failed with EACCES
36 silly placeDep node_modules/@expo/config @expo/require-utils@ OK for: @expo/config@56.0.9 want: ^56.1.3
37 silly fetch manifest @expo/require-utils@^56.1.3
38 silly packumentCache full:https://registry.npmjs.org/@expo%2frequire-utils cache-miss
39 http fetch GET https://registry.npmjs.org/@expo%2frequire-utils attempt 1 failed with EACCES
40 http fetch GET https://registry.npmjs.org/@expo%2frequire-utils attempt 2 failed with EACCES
41 http fetch GET https://registry.npmjs.org/@expo%2frequire-utils attempt 3 failed with EACCES
42 silly placeDep node_modules/@expo/config-plugins @expo/require-utils@ OK for: @expo/config-plugins@56.0.8 want: ^56.1.3
43 silly fetch manifest @expo/require-utils@^56.1.3
44 silly packumentCache full:https://registry.npmjs.org/@expo%2frequire-utils cache-miss
45 http fetch GET https://registry.npmjs.org/@expo%2frequire-utils attempt 1 failed with EACCES
46 http fetch GET https://registry.npmjs.org/@expo%2frequire-utils attempt 2 failed with EACCES
